curl -X GET "https://emonica-demo-api.nusatek.id/v2/karyawan" -H "accept: application/json" -H "Authorization: Bearer eyJhbGciOiJIUzI1NiIsInR5cCI6IkpXVCJ9.eyJhdWQiOiJXZWIiLCJiYWdpYW4iOiJURUtOSUsiLCJleHAiOjE1ODk0MzYzOTQsImlkX2JhZ2lhbiI6NCwiaWRfamFiYXRhbiI6MTIsImphYmF0YW4iOiJTVEFGIiwidXNlcl9mdWxsbmFtZSI6IkFETUlOIEVNT05JQ0EiLCJ1c2VyX2lkIjoxLCJ1c2VyX3JvbGUiOlt7InJvbGVfaWQiOjEsIm5hbWFfcm9sZSI6IlNVUEVSIEFETUlOSVNUUkFUT1IifV19.yeH5jKF8h6uizX697Zb1aLEXaKNlTUCUF_LNdnZBExc"




func validateTokenMiddleware(next http.HandlerFunc) http.HandlerFunc {
	return http.HandlerFunc(func(w http.ResponseWriter, req *http.Request) {
		authorizationHeader := req.Header.Get("authorization")
		if authorizationHeader != "" {
			bearerToken := strings.Split(authorizationHeader, " ")
			if len(bearerToken) == 2 {
				token, error := jwt.Parse(bearerToken[1], func(token *jwt.Token) (interface{}, error) {
					if _, ok := token.Method.(*jwt.SigningMethodHMAC); !ok {
						return nil, fmt.Errorf("There was an error")
					}
					return []byte(os.Getenv("JWT_KEY")), nil
				})
				if error != nil {
					json.NewEncoder(w).Encode(ErrorMsg{Message: error.Error()})
					return
				}
				if token.Valid {

					var user User
					mapstructure.Decode(token.Claims, &user)

					vars := mux.Vars(req)
					name := vars["userId"]
					if name != user.Username {
						json.NewEncoder(w).Encode(ErrorMsg{Message: "Invalid authorization token - Does not match UserID"})
						return
					}

					context.Set(req, "decoded", token.Claims)
					next(w, req)
				} else {
					json.NewEncoder(w).Encode(ErrorMsg{Message: "Invalid authorization token"})
				}
			} else {
				json.NewEncoder(w).Encode(ErrorMsg{Message: "Invalid authorization token"})
			}
		} else {
			json.NewEncoder(w).Encode(ErrorMsg{Message: "An authorization header is required"})
		}
	})
}